[ 2023-08-14 19:35:30,184 ] 23 root - INFO - Data Ingestion methods Starts
[ 2023-08-14 19:35:30,200 ] 26 root - INFO - Dataset read as pandas Dataframe
[ 2023-08-14 19:35:30,211 ] 31 root - INFO - Train test split
[ 2023-08-14 19:35:30,230 ] 39 root - INFO - Ingestion of Data is completed
[ 2023-08-14 19:35:30,405 ] 76 root - INFO - Read train and test data completed
[ 2023-08-14 19:35:30,413 ] 77 root - INFO - Train Dataframe Head : 
   age     sex   bmi  children smoker     region  expenses
0   61  female  31.2         0     no  northwest  13429.04
1   46    male  27.6         0     no  southwest  24603.05
2   54  female  31.9         3     no  southeast  27322.73
3   55    male  30.7         0    yes  northeast  42303.69
4   25    male  45.5         2    yes  southeast  42112.24
[ 2023-08-14 19:35:30,417 ] 78 root - INFO - Test Dataframe Head  : 
   age     sex   bmi  children smoker     region  expenses
0   45  female  25.2         2     no  northeast   9095.07
1   36  female  30.0         0     no  northwest   5272.18
2   64  female  26.9         0    yes  northwest  29330.98
3   46    male  25.7         3     no  northwest   9301.89
4   19    male  31.9         0    yes  northwest  33750.29
[ 2023-08-14 19:35:30,417 ] 80 root - INFO - Obtaining preprocessing object
[ 2023-08-14 19:35:30,417 ] 28 root - INFO - data transformation initiated
[ 2023-08-14 19:35:30,441 ] 97 root - INFO - Applying preprocessing object on training and testing datasets.
[ 2023-08-14 19:35:30,443 ] 109 root - INFO - Preprocessor pickle file saved
[ 2023-08-14 19:35:30,444 ] 29 root - INFO - Splitting Dependent and Independent variables from train and test data
[ 2023-08-14 19:35:30,622 ] 54 root - INFO - Model Report : {'LinearRegression': 0.7697747460503647, 'DecisionTree': 0.6948412995296094, 'AdaboostRegressor': 0.8118015656547521, 'SGDRegressor': 0.7688231311568319, 'Lasso': 0.7696361544733092, 'ElasticNet': 0.7272192539158784, 'SVR': -0.07871701713671841, 'Ridge': 0.7696312703113797}
[ 2023-08-14 19:35:30,623 ] 69 root - INFO - Best Model Found , Model Name : AdaboostRegressor , R2 Score : 0.8118015656547521
